<?xml version="1.0" encoding="UTF-8"?>
<!-- Generated by org.testng.reporters.JUnitReportReporter -->
<testsuite hostname="DESKTOP-PVO3529" failures="0" tests="1" name="DAY001.TC01_ADD_SKILLS" time="13.313" errors="0" timestamp="2025-04-17T10:35:54 IST" skipped="0">
  <testcase classname="DAY001.TC01_ADD_SKILLS" name="Testskills" time="13.313"/>
  <system-out/>
</testsuite> <!-- DAY001.TC01_ADD_SKILLS -->
