<?xml version="1.0" encoding="UTF-8"?>
<!-- Generated by org.testng.reporters.JUnitReportReporter -->
<testsuite hostname="DESKTOP-PVO3529" failures="0" tests="1" name="DAY001.TC01_PAY" time="10.345" errors="0" timestamp="2025-04-14T10:55:25 IST" skipped="0">
  <testcase classname="DAY001.TC01_PAY" name="Testskills" time="10.345"/>
  <system-out/>
</testsuite> <!-- DAY001.TC01_PAY -->
