<?xml version="1.0" encoding="UTF-8"?>
<!-- Generated by org.testng.reporters.JUnitReportReporter -->
<testsuite hostname="DESKTOP-PVO3529" failures="0" tests="1" name="DAY001.TC01_ADD_JOBS" time="14.036" errors="0" timestamp="2025-04-17T10:24:48 IST" skipped="0">
  <testcase classname="DAY001.TC01_ADD_JOBS" name="Testskills" time="14.036"/>
  <system-out/>
</testsuite> <!-- DAY001.TC01_ADD_JOBS -->
