<?xml version="1.0" encoding="UTF-8"?>
<!-- Generated by org.testng.reporters.JUnitReportReporter -->
<testsuite hostname="DESKTOP-PVO3529" failures="0" tests="1" name="DAY001.TC01_NATIONALITIES" time="12.354" errors="0" timestamp="2025-05-29T15:30:02 IST" skipped="0">
  <testcase classname="DAY001.TC01_NATIONALITIES" name="Testskills" time="12.354"/>
  <system-out/>
</testsuite> <!-- DAY001.TC01_NATIONALITIES -->
