<?xml version="1.0" encoding="UTF-8"?>
<!-- Generated by org.testng.reporters.JUnitReportReporter -->
<testsuite hostname="DESKTOP-PVO3529" failures="0" tests="1" name="DAY001.TC01_EDU" time="10.033" errors="0" timestamp="2025-04-08T14:12:05 IST" skipped="0">
  <testcase classname="DAY001.TC01_EDU" name="Testskills" time="10.033"/>
  <system-out/>
</testsuite> <!-- DAY001.TC01_EDU -->
