<?xml version="1.0" encoding="UTF-8"?>
<!-- Generated by org.testng.reporters.JUnitReportReporter -->
<testsuite hostname="DESKTOP-PVO3529" failures="0" tests="1" name="DAY001.TC01_LANGUAGES" time="10.624" errors="0" timestamp="2025-04-10T11:13:49 IST" skipped="0">
  <testcase classname="DAY001.TC01_LANGUAGES" name="Testskills" time="10.624"/>
  <system-out/>
</testsuite> <!-- DAY001.TC01_LANGUAGES -->
